Done :)
Done :)
Done :)
Done :)
Done :)
Done :)
Error:  Message: element not interactable
  (Session info: chrome-headless-shell=126.0.6478.126)
Stacktrace:
#0 0x55bc5feb2c7a <unknown>
#1 0x55bc5fb95c71 <unknown>
#2 0x55bc5fbdc418 <unknown>
#3 0x55bc5fbda7ff <unknown>
#4 0x55bc5fc055c2 <unknown>
#5 0x55bc5fbd6ad9 <unknown>
#6 0x55bc5fc0578e <unknown>
#7 0x55bc5fc24303 <unknown>
#8 0x55bc5fc05363 <unknown>
#9 0x55bc5fbd5247 <unknown>
#10 0x55bc5fbd5b9e <unknown>
#11 0x55bc5fe7924b <unknown>
#12 0x55bc5fe7d2f1 <unknown>
#13 0x55bc5fe64afe <unknown>
#14 0x55bc5fe7de52 <unknown>
#15 0x55bc5fe4979f <unknown>
#16 0x55bc5fea2638 <unknown>
#17 0x55bc5fea2810 <unknown>
#18 0x55bc5feb1dac <unknown>
#19 0x7f185e10e609 start_thread

Done :)
Done :)
Done :)
Done :)
Done :)
Done :)
Done :)
Done :)
Done :)
Done :)
Done :)
Done :)
Done :)
Done :)
Done :)
Done :)
Error:  Message: element not interactable
  (Session info: chrome-headless-shell=126.0.6478.126)
Stacktrace:
#0 0x55d371ce3c7a <unknown>
#1 0x55d3719c6c71 <unknown>
#2 0x55d371a0d418 <unknown>
#3 0x55d371a0b7ff <unknown>
#4 0x55d371a365c2 <unknown>
#5 0x55d371a07ad9 <unknown>
#6 0x55d371a3678e <unknown>
#7 0x55d371a55303 <unknown>
#8 0x55d371a36363 <unknown>
#9 0x55d371a06247 <unknown>
#10 0x55d371a06b9e <unknown>
#11 0x55d371caa24b <unknown>
#12 0x55d371cae2f1 <unknown>
#13 0x55d371c95afe <unknown>
#14 0x55d371caee52 <unknown>
#15 0x55d371c7a79f <unknown>
#16 0x55d371cd3638 <unknown>
#17 0x55d371cd3810 <unknown>
#18 0x55d371ce2dac <unknown>
#19 0x7f5b444df609 start_thread

Done :)
Done :)
Done :)
Done :)
Done :)
Done :)
Done :)
Done :)
Done :)
Done :)
Done :)
Done :)
Done :)
Done :)
Done :)
Done :)
Done :)
Done :)
Done :)
Done :)
Done :)
Done :)
Done :)
Done :)
Done :)
Done :)
Done :)
Done :)
Done :)
Error:  Message: session not created: This version of ChromeDriver only supports Chrome version 126
Current browser version is 130.0.6723.69 with binary path /opt/google/chrome/chrome
Stacktrace:
#0 0x561299f91c7a <unknown>
#1 0x561299c74e2c <unknown>
#2 0x561299cb08db <unknown>
#3 0x561299cafa82 <unknown>
#4 0x561299caa0a1 <unknown>
#5 0x561299ca617b <unknown>
#6 0x561299cf0c49 <unknown>
#7 0x561299ce4363 <unknown>
#8 0x561299cb4247 <unknown>
#9 0x561299cb4b9e <unknown>
#10 0x561299f5824b <unknown>
#11 0x561299f5c2f1 <unknown>
#12 0x561299f43afe <unknown>
#13 0x561299f5ce52 <unknown>
#14 0x561299f2879f <unknown>
#15 0x561299f81638 <unknown>
#16 0x561299f81810 <unknown>
#17 0x561299f90dac <unknown>
#18 0x7ff771d5d609 start_thread

Done :)
Done :)
Done :)
Done :)
Done :)
Done :)
Done :)
Done :)
